[2022-05-23T19:46:48.297Z] Validating found git in: git
[2022-05-23T19:46:48.486Z] Using git 2.36.1 from git
[2022-05-23T19:46:48.501Z] > git rev-parse --show-toplevel [6ms]
[2022-05-23T19:46:48.515Z] > git rev-parse --git-dir --git-common-dir [5ms]
[2022-05-23T19:46:48.521Z] Open repository: /home/albys/Sistemi Operativi 2/Homework-Sistemi-Operativi-2
[2022-05-23T19:46:48.537Z] > git status -z -uall [9ms]
[2022-05-23T19:46:48.550Z] > git symbolic-ref --short HEAD [5ms]
[2022-05-23T19:46:48.560Z] > git for-each-ref --format=%(refname)%00%(upstream:short)%00%(objectname)%00%(upstream:track)%00%(upstream:remotename)%00%(upstream:remoteref) refs/heads/main refs/remotes/main [3ms]
[2022-05-23T19:46:48.583Z] > git remote --verbose [8ms]
[2022-05-23T19:46:48.583Z] > git for-each-ref --sort -committerdate --format %(refname) %(objectname) %(*objectname) [16ms]
[2022-05-23T19:46:48.663Z] > git config --get commit.template [64ms]
[2022-05-23T19:46:49.128Z] > git check-ignore -v -z --stdin [5ms]
[2022-05-23T19:46:49.260Z] > git show --textconv :homework2/server.c [17ms]
[2022-05-23T19:46:49.261Z] > git ls-files --stage -- /home/albys/Sistemi Operativi 2/Homework-Sistemi-Operativi-2/homework2/server.c [10ms]
[2022-05-23T19:46:49.273Z] > git cat-file -s cd502b544c12680ef4a828abc296e57d9e768632 [4ms]
[2022-05-23T19:46:50.913Z] > git status -z -uall [4ms]
[2022-05-23T19:46:50.929Z] > git symbolic-ref --short HEAD [2ms]
[2022-05-23T19:46:50.943Z] > git for-each-ref --format=%(refname)%00%(upstream:short)%00%(objectname)%00%(upstream:track)%00%(upstream:remotename)%00%(upstream:remoteref) refs/heads/main refs/remotes/main [3ms]
[2022-05-23T19:46:50.968Z] > git remote --verbose [3ms]
[2022-05-23T19:46:50.970Z] > git for-each-ref --sort -committerdate --format %(refname) %(objectname) %(*objectname) [14ms]
[2022-05-23T19:46:50.989Z] > git config --get commit.template [2ms]
[2022-05-23T19:47:16.092Z] > git check-ignore -v -z --stdin [2ms]
[2022-05-23T19:47:25.846Z] > git show --textconv :homework1/homework1.c [10ms]
[2022-05-23T19:47:25.851Z] > git ls-files --stage -- /home/albys/Sistemi Operativi 2/Homework-Sistemi-Operativi-2/homework1/homework1.c [6ms]
[2022-05-23T19:47:25.861Z] > git cat-file -s 90aa623d17abb2802ace2dd26bff4b7b8700ff10 [2ms]
[2022-05-23T19:47:26.049Z] > git check-ignore -v -z --stdin [3ms]
[2022-05-23T19:48:29.148Z] > git show --textconv :homework2/server.c [10ms]
[2022-05-23T19:48:29.150Z] > git ls-files --stage -- /home/albys/Sistemi Operativi 2/Homework-Sistemi-Operativi-2/homework2/server.c [4ms]
[2022-05-23T19:48:29.160Z] > git cat-file -s cd502b544c12680ef4a828abc296e57d9e768632 [2ms]
[2022-05-23T19:48:44.215Z] > git show --textconv :homework2/client.c [9ms]
[2022-05-23T19:48:44.216Z] > git ls-files --stage -- /home/albys/Sistemi Operativi 2/Homework-Sistemi-Operativi-2/homework2/client.c [3ms]
[2022-05-23T19:48:44.225Z] > git cat-file -s dc25a0a37b320d62b39782bef217e84bc929b26a [2ms]
[2022-05-23T19:49:28.096Z] > git show --textconv :homework2/server.c [9ms]
[2022-05-23T19:49:28.097Z] > git ls-files --stage -- /home/albys/Sistemi Operativi 2/Homework-Sistemi-Operativi-2/homework2/server.c [2ms]
[2022-05-23T19:49:28.109Z] > git cat-file -s cd502b544c12680ef4a828abc296e57d9e768632 [3ms]
