[2022-06-27T09:32:51.971Z] Validating found git in: git
[2022-06-27T09:32:52.134Z] Using git 2.36.1 from git
[2022-06-27T09:32:52.171Z] > git rev-parse --show-toplevel [29ms]
[2022-06-27T09:32:52.171Z] fatal: not a git repository (or any parent up to mount point /)
Stopping at filesystem boundary (GIT_DISCOVERY_ACROSS_FILESYSTEM not set).
[2022-06-27T09:32:52.205Z] > git rev-parse --show-toplevel [25ms]
[2022-06-27T09:32:52.205Z] fatal: not a git repository (or any parent up to mount point /)
Stopping at filesystem boundary (GIT_DISCOVERY_ACROSS_FILESYSTEM not set).
[2022-06-27T09:32:52.237Z] > git rev-parse --show-toplevel [28ms]
[2022-06-27T09:32:52.238Z] fatal: not a git repository (or any parent up to mount point /)
Stopping at filesystem boundary (GIT_DISCOVERY_ACROSS_FILESYSTEM not set).
[2022-06-27T09:32:52.244Z] > git rev-parse --show-toplevel [2ms]
[2022-06-27T09:32:52.244Z] fatal: not a git repository (or any parent up to mount point /)
Stopping at filesystem boundary (GIT_DISCOVERY_ACROSS_FILESYSTEM not set).
[2022-06-27T09:32:52.251Z] > git rev-parse --show-toplevel [1ms]
[2022-06-27T09:32:52.251Z] fatal: not a git repository (or any parent up to mount point /)
Stopping at filesystem boundary (GIT_DISCOVERY_ACROSS_FILESYSTEM not set).
[2022-06-27T09:32:52.258Z] > git rev-parse --show-toplevel [1ms]
[2022-06-27T09:32:52.258Z] fatal: not a git repository (or any parent up to mount point /)
Stopping at filesystem boundary (GIT_DISCOVERY_ACROSS_FILESYSTEM not set).
[2022-06-27T09:32:52.265Z] > git rev-parse --show-toplevel [2ms]
[2022-06-27T09:32:52.265Z] fatal: not a git repository (or any parent up to mount point /)
Stopping at filesystem boundary (GIT_DISCOVERY_ACROSS_FILESYSTEM not set).
[2022-06-27T09:32:52.271Z] > git rev-parse --show-toplevel [1ms]
[2022-06-27T09:32:52.271Z] fatal: not a git repository (or any parent up to mount point /)
Stopping at filesystem boundary (GIT_DISCOVERY_ACROSS_FILESYSTEM not set).
[2022-06-27T09:32:52.452Z] > git rev-parse --show-toplevel [171ms]
[2022-06-27T09:32:52.452Z] fatal: not a git repository (or any parent up to mount point /)
Stopping at filesystem boundary (GIT_DISCOVERY_ACROSS_FILESYSTEM not set).
[2022-06-27T09:32:52.535Z] > git rev-parse --show-toplevel [72ms]
[2022-06-27T09:32:52.535Z] fatal: not a git repository (or any parent up to mount point /)
Stopping at filesystem boundary (GIT_DISCOVERY_ACROSS_FILESYSTEM not set).
[2022-06-27T09:32:52.545Z] > git rev-parse --show-toplevel [4ms]
[2022-06-27T09:32:52.554Z] > git rev-parse --git-dir --git-common-dir [2ms]
[2022-06-27T09:32:52.559Z] Open repository: /home/albys/dmenu
[2022-06-27T09:32:52.581Z] > git status -z -uall [12ms]
[2022-06-27T09:32:52.588Z] > git rev-parse --show-toplevel [11ms]
[2022-06-27T09:32:52.588Z] fatal: not a git repository (or any parent up to mount point /)
Stopping at filesystem boundary (GIT_DISCOVERY_ACROSS_FILESYSTEM not set).
[2022-06-27T09:32:52.596Z] > git symbolic-ref --short HEAD [8ms]
[2022-06-27T09:32:52.610Z] > git rev-parse --show-toplevel [17ms]
[2022-06-27T09:32:52.624Z] > git rev-parse --git-dir --git-common-dir [9ms]
[2022-06-27T09:32:52.626Z] Open repository: /home/albys/dwm
[2022-06-27T09:32:52.639Z] > git for-each-ref --format=%(refname)%00%(upstream:short)%00%(objectname)%00%(upstream:track)%00%(upstream:remotename)%00%(upstream:remoteref) refs/heads/master refs/remotes/master [34ms]
[2022-06-27T09:32:52.663Z] > git status -z -uall [32ms]
[2022-06-27T09:32:52.670Z] > git remote --verbose [15ms]
[2022-06-27T09:32:52.670Z] > git for-each-ref --sort -committerdate --format %(refname) %(objectname) %(*objectname) [24ms]
[2022-06-27T09:32:52.675Z] > git rev-parse --show-toplevel [37ms]
[2022-06-27T09:32:52.675Z] fatal: not a git repository (or any parent up to mount point /)
Stopping at filesystem boundary (GIT_DISCOVERY_ACROSS_FILESYSTEM not set).
[2022-06-27T09:32:52.691Z] > git symbolic-ref --short HEAD [22ms]
[2022-06-27T09:32:52.700Z] > git config --get commit.template [12ms]
[2022-06-27T09:32:52.702Z] > git rev-parse --show-toplevel [21ms]
[2022-06-27T09:32:52.703Z] fatal: not a git repository (or any parent up to mount point /)
Stopping at filesystem boundary (GIT_DISCOVERY_ACROSS_FILESYSTEM not set).
[2022-06-27T09:32:52.712Z] > git for-each-ref --format=%(refname)%00%(upstream:short)%00%(objectname)%00%(upstream:track)%00%(upstream:remotename)%00%(upstream:remoteref) refs/heads/master refs/remotes/master [15ms]
[2022-06-27T09:32:52.726Z] > git for-each-ref --sort -committerdate --format %(refname) %(objectname) %(*objectname) [8ms]
[2022-06-27T09:32:52.726Z] > git rev-parse --show-toplevel [17ms]
[2022-06-27T09:32:52.801Z] > git rev-parse --git-dir --git-common-dir [70ms]
[2022-06-27T09:32:52.804Z] Open repository: /home/albys/slstatus
[2022-06-27T09:32:52.819Z] > git remote --verbose [96ms]
[2022-06-27T09:32:52.904Z] > git status -z -uall [94ms]
[2022-06-27T09:32:52.909Z] > git rev-parse --show-toplevel [90ms]
[2022-06-27T09:32:52.963Z] > git rev-parse --git-dir --git-common-dir [49ms]
[2022-06-27T09:32:52.966Z] Open repository: /home/albys/st
[2022-06-27T09:32:52.983Z] > git symbolic-ref --short HEAD [74ms]
[2022-06-27T09:32:52.989Z] > git config --get commit.template [135ms]
[2022-06-27T09:32:52.996Z] > git status -z -uall [21ms]
[2022-06-27T09:32:53.009Z] > git for-each-ref --format=%(refname)%00%(upstream:short)%00%(objectname)%00%(upstream:track)%00%(upstream:remotename)%00%(upstream:remoteref) refs/heads/master refs/remotes/master [20ms]
[2022-06-27T09:32:53.024Z] > git rev-parse --show-toplevel [42ms]
[2022-06-27T09:32:53.024Z] fatal: not a git repository (or any parent up to mount point /)
Stopping at filesystem boundary (GIT_DISCOVERY_ACROSS_FILESYSTEM not set).
[2022-06-27T09:32:53.035Z] > git rev-parse --show-toplevel [5ms]
[2022-06-27T09:32:53.035Z] fatal: not a git repository (or any parent up to mount point /)
Stopping at filesystem boundary (GIT_DISCOVERY_ACROSS_FILESYSTEM not set).
[2022-06-27T09:32:53.035Z] > git remote --verbose [12ms]
[2022-06-27T09:32:53.035Z] > git for-each-ref --sort -committerdate --format %(refname) %(objectname) %(*objectname) [19ms]
[2022-06-27T09:32:53.038Z] > git symbolic-ref --short HEAD [36ms]
[2022-06-27T09:32:53.064Z] > git for-each-ref --format=%(refname)%00%(upstream:short)%00%(objectname)%00%(upstream:track)%00%(upstream:remotename)%00%(upstream:remoteref) refs/heads/master refs/remotes/master [16ms]
[2022-06-27T09:32:53.087Z] > git remote --verbose [4ms]
[2022-06-27T09:32:53.087Z] > git for-each-ref --sort -committerdate --format %(refname) %(objectname) %(*objectname) [12ms]
[2022-06-27T09:32:53.089Z] > git config --get commit.template [32ms]
[2022-06-27T09:32:53.101Z] > git config --get commit.template [2ms]
[2022-06-27T09:32:53.561Z] > git check-ignore -v -z --stdin [21ms]
[2022-06-27T09:32:53.562Z] > git check-ignore -v -z --stdin [15ms]
[2022-06-27T09:32:53.563Z] > git check-ignore -v -z --stdin [9ms]
[2022-06-27T09:32:53.563Z] > git check-ignore -v -z --stdin [3ms]
[2022-06-27T09:33:15.101Z] > git rev-parse --show-toplevel [11ms]
[2022-06-27T09:33:15.116Z] > git rev-parse --git-dir --git-common-dir [8ms]
[2022-06-27T09:33:15.119Z] Open repository: /home/albys/git/Homework-Sistemi-Operativi-2
[2022-06-27T09:33:15.133Z] > git status -z -uall [7ms]
[2022-06-27T09:33:15.144Z] > git symbolic-ref --short HEAD [2ms]
[2022-06-27T09:33:15.155Z] > git for-each-ref --format=%(refname)%00%(upstream:short)%00%(objectname)%00%(upstream:track)%00%(upstream:remotename)%00%(upstream:remoteref) refs/heads/main refs/remotes/main [3ms]
[2022-06-27T09:33:15.175Z] > git for-each-ref --sort -committerdate --format %(refname) %(objectname) %(*objectname) [11ms]
[2022-06-27T09:33:15.176Z] > git remote --verbose [2ms]
[2022-06-27T09:33:15.188Z] > git config --get commit.template [1ms]
[2022-06-27T09:33:15.509Z] > git show --textconv :homework2/client.c [13ms]
[2022-06-27T09:33:15.511Z] > git ls-files --stage -- /home/albys/git/Homework-Sistemi-Operativi-2/homework2/client.c [6ms]
[2022-06-27T09:33:15.522Z] > git cat-file -s ee2988d11c1f0e3b08b5f6fd413bab918222be6a [3ms]
[2022-06-27T09:33:15.874Z] > git check-ignore -v -z --stdin [20ms]
[2022-06-27T09:33:15.874Z] > git check-ignore -v -z --stdin [11ms]
[2022-06-27T09:33:15.875Z] > git check-ignore -v -z --stdin [4ms]
[2022-06-27T09:53:33.991Z] > git status -z -uall [2ms]
[2022-06-27T09:53:34.002Z] > git symbolic-ref --short HEAD [2ms]
[2022-06-27T09:53:34.014Z] > git for-each-ref --format=%(refname)%00%(upstream:short)%00%(objectname)%00%(upstream:track)%00%(upstream:remotename)%00%(upstream:remoteref) refs/heads/main refs/remotes/main [2ms]
[2022-06-27T09:53:34.035Z] > git for-each-ref --sort -committerdate --format %(refname) %(objectname) %(*objectname) [12ms]
[2022-06-27T09:53:34.036Z] > git remote --verbose [2ms]
[2022-06-27T09:53:34.050Z] > git config --get commit.template [1ms]
[2022-06-27T10:04:30.053Z] > git status -z -uall [2ms]
[2022-06-27T10:04:30.063Z] > git symbolic-ref --short HEAD [1ms]
[2022-06-27T10:04:30.074Z] > git for-each-ref --format=%(refname)%00%(upstream:short)%00%(objectname)%00%(upstream:track)%00%(upstream:remotename)%00%(upstream:remoteref) refs/heads/main refs/remotes/main [2ms]
[2022-06-27T10:04:30.093Z] > git remote --verbose [2ms]
[2022-06-27T10:04:30.094Z] > git for-each-ref --sort -committerdate --format %(refname) %(objectname) %(*objectname) [11ms]
[2022-06-27T10:04:30.109Z] > git config --get commit.template [3ms]
[2022-06-27T10:04:39.515Z] > git status -z -uall [3ms]
[2022-06-27T10:04:39.526Z] > git symbolic-ref --short HEAD [2ms]
[2022-06-27T10:04:39.538Z] > git for-each-ref --format=%(refname)%00%(upstream:short)%00%(objectname)%00%(upstream:track)%00%(upstream:remotename)%00%(upstream:remoteref) refs/heads/main refs/remotes/main [2ms]
[2022-06-27T10:04:39.559Z] > git for-each-ref --sort -committerdate --format %(refname) %(objectname) %(*objectname) [10ms]
[2022-06-27T10:04:39.560Z] > git remote --verbose [2ms]
[2022-06-27T10:04:39.573Z] > git config --get commit.template [2ms]
[2022-06-27T10:04:47.565Z] > git show --textconv :homework2/server.c [10ms]
[2022-06-27T10:04:47.566Z] > git ls-files --stage -- /home/albys/git/Homework-Sistemi-Operativi-2/homework2/server.c [2ms]
[2022-06-27T10:04:47.577Z] > git cat-file -s 5f81c08ee277e360e3615197ef89c093d8acc039 [2ms]
[2022-06-27T10:04:52.089Z] > git show --textconv :homework2/client.c [10ms]
[2022-06-27T10:04:52.090Z] > git ls-files --stage -- /home/albys/git/Homework-Sistemi-Operativi-2/homework2/client.c [2ms]
[2022-06-27T10:04:52.099Z] > git cat-file -s ee2988d11c1f0e3b08b5f6fd413bab918222be6a [1ms]
[2022-06-27T10:04:53.012Z] > git show --textconv :homework2/server.c [9ms]
[2022-06-27T10:04:53.013Z] > git ls-files --stage -- /home/albys/git/Homework-Sistemi-Operativi-2/homework2/server.c [2ms]
[2022-06-27T10:04:53.022Z] > git cat-file -s 5f81c08ee277e360e3615197ef89c093d8acc039 [1ms]
[2022-06-27T10:05:28.213Z] > git status -z -uall [2ms]
[2022-06-27T10:05:28.223Z] > git symbolic-ref --short HEAD [2ms]
[2022-06-27T10:05:28.232Z] > git for-each-ref --format=%(refname)%00%(upstream:short)%00%(objectname)%00%(upstream:track)%00%(upstream:remotename)%00%(upstream:remoteref) refs/heads/main refs/remotes/main [2ms]
[2022-06-27T10:05:28.249Z] > git for-each-ref --sort -committerdate --format %(refname) %(objectname) %(*objectname) [9ms]
[2022-06-27T10:05:28.249Z] > git remote --verbose [1ms]
[2022-06-27T10:05:28.260Z] > git config --get commit.template [2ms]
[2022-06-27T10:19:05.179Z] > git status -z -uall [3ms]
[2022-06-27T10:19:05.189Z] > git symbolic-ref --short HEAD [2ms]
[2022-06-27T10:19:05.199Z] > git for-each-ref --format=%(refname)%00%(upstream:short)%00%(objectname)%00%(upstream:track)%00%(upstream:remotename)%00%(upstream:remoteref) refs/heads/main refs/remotes/main [1ms]
[2022-06-27T10:19:05.216Z] > git remote --verbose [2ms]
[2022-06-27T10:19:05.216Z] > git for-each-ref --sort -committerdate --format %(refname) %(objectname) %(*objectname) [9ms]
[2022-06-27T10:19:05.227Z] > git config --get commit.template [1ms]
[2022-06-27T10:20:55.217Z] > git status -z -uall [1ms]
[2022-06-27T10:20:55.228Z] > git symbolic-ref --short HEAD [2ms]
[2022-06-27T10:20:55.237Z] > git for-each-ref --format=%(refname)%00%(upstream:short)%00%(objectname)%00%(upstream:track)%00%(upstream:remotename)%00%(upstream:remoteref) refs/heads/main refs/remotes/main [1ms]
[2022-06-27T10:20:55.255Z] > git for-each-ref --sort -committerdate --format %(refname) %(objectname) %(*objectname) [10ms]
[2022-06-27T10:20:55.256Z] > git remote --verbose [2ms]
[2022-06-27T10:20:55.267Z] > git config --get commit.template [1ms]
[2022-06-27T10:21:39.224Z] > git status -z -uall [1ms]
[2022-06-27T10:21:39.235Z] > git symbolic-ref --short HEAD [2ms]
[2022-06-27T10:21:39.244Z] > git for-each-ref --format=%(refname)%00%(upstream:short)%00%(objectname)%00%(upstream:track)%00%(upstream:remotename)%00%(upstream:remoteref) refs/heads/main refs/remotes/main [1ms]
[2022-06-27T10:21:39.262Z] > git for-each-ref --sort -committerdate --format %(refname) %(objectname) %(*objectname) [9ms]
[2022-06-27T10:21:39.263Z] > git remote --verbose [2ms]
[2022-06-27T10:21:39.275Z] > git config --get commit.template [1ms]
[2022-06-27T10:21:43.017Z] > git show --textconv :homework2/client.c [10ms]
[2022-06-27T10:21:43.018Z] > git ls-files --stage -- /home/albys/git/Homework-Sistemi-Operativi-2/homework2/client.c [2ms]
[2022-06-27T10:21:43.029Z] > git cat-file -s ee2988d11c1f0e3b08b5f6fd413bab918222be6a [2ms]
[2022-06-27T10:23:57.716Z] > git status -z -uall [3ms]
[2022-06-27T10:23:57.727Z] > git symbolic-ref --short HEAD [2ms]
[2022-06-27T10:23:57.737Z] > git for-each-ref --format=%(refname)%00%(upstream:short)%00%(objectname)%00%(upstream:track)%00%(upstream:remotename)%00%(upstream:remoteref) refs/heads/main refs/remotes/main [2ms]
[2022-06-27T10:23:57.757Z] > git for-each-ref --sort -committerdate --format %(refname) %(objectname) %(*objectname) [10ms]
[2022-06-27T10:23:57.757Z] > git remote --verbose [1ms]
[2022-06-27T10:23:57.769Z] > git config --get commit.template [1ms]
[2022-06-27T10:23:58.116Z] > git show --textconv :homework2/server.c [9ms]
[2022-06-27T10:23:58.118Z] > git ls-files --stage -- /home/albys/git/Homework-Sistemi-Operativi-2/homework2/server.c [2ms]
[2022-06-27T10:23:58.129Z] > git cat-file -s 5f81c08ee277e360e3615197ef89c093d8acc039 [3ms]
[2022-06-27T10:24:19.030Z] > git status -z -uall [1ms]
[2022-06-27T10:24:19.040Z] > git symbolic-ref --short HEAD [1ms]
[2022-06-27T10:24:19.051Z] > git for-each-ref --format=%(refname)%00%(upstream:short)%00%(objectname)%00%(upstream:track)%00%(upstream:remotename)%00%(upstream:remoteref) refs/heads/main refs/remotes/main [2ms]
[2022-06-27T10:24:19.069Z] > git for-each-ref --sort -committerdate --format %(refname) %(objectname) %(*objectname) [9ms]
[2022-06-27T10:24:19.070Z] > git remote --verbose [2ms]
[2022-06-27T10:24:19.081Z] > git config --get commit.template [2ms]
[2022-06-27T10:28:03.511Z] > git status -z -uall [3ms]
[2022-06-27T10:28:03.520Z] > git symbolic-ref --short HEAD [1ms]
[2022-06-27T10:28:03.531Z] > git for-each-ref --format=%(refname)%00%(upstream:short)%00%(objectname)%00%(upstream:track)%00%(upstream:remotename)%00%(upstream:remoteref) refs/heads/main refs/remotes/main [2ms]
[2022-06-27T10:28:03.548Z] > git for-each-ref --sort -committerdate --format %(refname) %(objectname) %(*objectname) [9ms]
[2022-06-27T10:28:03.549Z] > git remote --verbose [2ms]
[2022-06-27T10:28:03.561Z] > git config --get commit.template [2ms]
[2022-06-27T10:28:05.833Z] > git show --textconv :homework2/client.c [8ms]
[2022-06-27T10:28:05.835Z] > git ls-files --stage -- /home/albys/git/Homework-Sistemi-Operativi-2/homework2/client.c [3ms]
[2022-06-27T10:28:05.844Z] > git cat-file -s ee2988d11c1f0e3b08b5f6fd413bab918222be6a [2ms]
[2022-06-27T10:31:36.603Z] > git status -z -uall [2ms]
[2022-06-27T10:31:36.614Z] > git symbolic-ref --short HEAD [2ms]
[2022-06-27T10:31:36.624Z] > git for-each-ref --format=%(refname)%00%(upstream:short)%00%(objectname)%00%(upstream:track)%00%(upstream:remotename)%00%(upstream:remoteref) refs/heads/main refs/remotes/main [2ms]
[2022-06-27T10:31:36.644Z] > git for-each-ref --sort -committerdate --format %(refname) %(objectname) %(*objectname) [11ms]
[2022-06-27T10:31:36.645Z] > git remote --verbose [2ms]
[2022-06-27T10:31:36.657Z] > git config --get commit.template [1ms]
[2022-06-27T10:31:41.670Z] > git status -z -uall [2ms]
[2022-06-27T10:31:41.679Z] > git symbolic-ref --short HEAD [1ms]
[2022-06-27T10:31:41.697Z] > git for-each-ref --format=%(refname)%00%(upstream:short)%00%(objectname)%00%(upstream:track)%00%(upstream:remotename)%00%(upstream:remoteref) refs/heads/main refs/remotes/main [2ms]
[2022-06-27T10:31:41.713Z] > git for-each-ref --sort -committerdate --format %(refname) %(objectname) %(*objectname) [8ms]
[2022-06-27T10:31:41.714Z] > git remote --verbose [1ms]
[2022-06-27T10:31:41.727Z] > git config --get commit.template [2ms]
[2022-06-27T10:32:29.960Z] > git status -z -uall [1ms]
[2022-06-27T10:32:29.970Z] > git symbolic-ref --short HEAD [1ms]
[2022-06-27T10:32:29.981Z] > git for-each-ref --format=%(refname)%00%(upstream:short)%00%(objectname)%00%(upstream:track)%00%(upstream:remotename)%00%(upstream:remoteref) refs/heads/main refs/remotes/main [2ms]
[2022-06-27T10:32:29.999Z] > git for-each-ref --sort -committerdate --format %(refname) %(objectname) %(*objectname) [10ms]
[2022-06-27T10:32:30.000Z] > git remote --verbose [2ms]
[2022-06-27T10:32:30.014Z] > git config --get commit.template [1ms]
[2022-06-27T10:32:35.029Z] > git status -z -uall [2ms]
[2022-06-27T10:32:35.039Z] > git symbolic-ref --short HEAD [1ms]
[2022-06-27T10:32:35.050Z] > git for-each-ref --format=%(refname)%00%(upstream:short)%00%(objectname)%00%(upstream:track)%00%(upstream:remotename)%00%(upstream:remoteref) refs/heads/main refs/remotes/main [2ms]
[2022-06-27T10:32:35.068Z] > git for-each-ref --sort -committerdate --format %(refname) %(objectname) %(*objectname) [9ms]
[2022-06-27T10:32:35.068Z] > git remote --verbose [2ms]
[2022-06-27T10:32:35.080Z] > git config --get commit.template [2ms]
[2022-06-27T10:34:53.429Z] > git status -z -uall [2ms]
[2022-06-27T10:34:53.439Z] > git symbolic-ref --short HEAD [2ms]
[2022-06-27T10:34:53.449Z] > git for-each-ref --format=%(refname)%00%(upstream:short)%00%(objectname)%00%(upstream:track)%00%(upstream:remotename)%00%(upstream:remoteref) refs/heads/main refs/remotes/main [2ms]
[2022-06-27T10:34:53.465Z] > git for-each-ref --sort -committerdate --format %(refname) %(objectname) %(*objectname) [8ms]
[2022-06-27T10:34:53.466Z] > git remote --verbose [2ms]
[2022-06-27T10:34:53.478Z] > git config --get commit.template [1ms]
