[2022-05-23T15:42:56.419Z] Validating found git in: git
[2022-05-23T15:42:56.463Z] Using git 2.36.1 from git
[2022-05-23T15:42:56.533Z] > git rev-parse --show-toplevel [62ms]
[2022-05-23T15:42:56.571Z] > git rev-parse --git-dir --git-common-dir [26ms]
[2022-05-23T15:42:56.578Z] Open repository: /home/albys/Sistemi Operativi 2/Homework-Sistemi-Operativi-2
[2022-05-23T15:42:56.614Z] > git status -z -uall [27ms]
[2022-05-23T15:42:56.640Z] > git symbolic-ref --short HEAD [19ms]
[2022-05-23T15:42:56.653Z] > git for-each-ref --format=%(refname)%00%(upstream:short)%00%(objectname)%00%(upstream:track)%00%(upstream:remotename)%00%(upstream:remoteref) refs/heads/main refs/remotes/main [6ms]
[2022-05-23T15:42:56.668Z] > git remote --verbose [3ms]
[2022-05-23T15:42:56.669Z] > git for-each-ref --sort -committerdate --format %(refname) %(objectname) %(*objectname) [11ms]
[2022-05-23T15:42:56.699Z] > git config --get commit.template [18ms]
[2022-05-23T15:42:56.950Z] > git show --textconv :homework2/client.c [11ms]
[2022-05-23T15:42:56.956Z] > git ls-files --stage -- /home/albys/Sistemi Operativi 2/Homework-Sistemi-Operativi-2/homework2/client.c [10ms]
[2022-05-23T15:42:56.967Z] > git cat-file -s 931b6ea22b7f67bab45df899ab84df613028cd07 [4ms]
[2022-05-23T15:42:57.160Z] > git check-ignore -v -z --stdin [1ms]
[2022-05-23T15:43:07.873Z] > git status -z -uall [5ms]
[2022-05-23T15:43:07.884Z] > git symbolic-ref --short HEAD [1ms]
[2022-05-23T15:43:07.897Z] > git for-each-ref --format=%(refname)%00%(upstream:short)%00%(objectname)%00%(upstream:track)%00%(upstream:remotename)%00%(upstream:remoteref) refs/heads/main refs/remotes/main [2ms]
[2022-05-23T15:43:07.917Z] > git for-each-ref --sort -committerdate --format %(refname) %(objectname) %(*objectname) [10ms]
[2022-05-23T15:43:07.918Z] > git remote --verbose [2ms]
[2022-05-23T15:43:07.932Z] > git config --get commit.template [3ms]
[2022-05-23T15:43:12.951Z] > git status -z -uall [4ms]
[2022-05-23T15:43:12.961Z] > git symbolic-ref --short HEAD [1ms]
[2022-05-23T15:43:12.974Z] > git for-each-ref --format=%(refname)%00%(upstream:short)%00%(objectname)%00%(upstream:track)%00%(upstream:remotename)%00%(upstream:remoteref) refs/heads/main refs/remotes/main [2ms]
[2022-05-23T15:43:12.995Z] > git remote --verbose [2ms]
[2022-05-23T15:43:12.995Z] > git for-each-ref --sort -committerdate --format %(refname) %(objectname) %(*objectname) [11ms]
[2022-05-23T15:43:13.009Z] > git config --get commit.template [1ms]
[2022-05-23T15:43:15.916Z] > git show --textconv :homework2/server.c [24ms]
[2022-05-23T15:43:15.918Z] > git ls-files --stage -- /home/albys/Sistemi Operativi 2/Homework-Sistemi-Operativi-2/homework2/server.c [4ms]
[2022-05-23T15:43:15.934Z] > git cat-file -s 5552f06aa85e808fb7d31682e26d05d0265c94f9 [5ms]
[2022-05-23T15:43:24.041Z] > git status -z -uall [4ms]
[2022-05-23T15:43:24.053Z] > git symbolic-ref --short HEAD [2ms]
[2022-05-23T15:43:24.064Z] > git for-each-ref --format=%(refname)%00%(upstream:short)%00%(objectname)%00%(upstream:track)%00%(upstream:remotename)%00%(upstream:remoteref) refs/heads/main refs/remotes/main [2ms]
[2022-05-23T15:43:24.082Z] > git remote --verbose [1ms]
[2022-05-23T15:43:24.082Z] > git for-each-ref --sort -committerdate --format %(refname) %(objectname) %(*objectname) [9ms]
[2022-05-23T15:43:24.095Z] > git config --get commit.template [3ms]
[2022-05-23T15:43:40.806Z] > git status -z -uall [4ms]
[2022-05-23T15:43:40.817Z] > git symbolic-ref --short HEAD [2ms]
[2022-05-23T15:43:40.829Z] > git for-each-ref --format=%(refname)%00%(upstream:short)%00%(objectname)%00%(upstream:track)%00%(upstream:remotename)%00%(upstream:remoteref) refs/heads/main refs/remotes/main [2ms]
[2022-05-23T15:43:40.849Z] > git for-each-ref --sort -committerdate --format %(refname) %(objectname) %(*objectname) [10ms]
[2022-05-23T15:43:40.850Z] > git remote --verbose [2ms]
[2022-05-23T15:43:40.865Z] > git config --get commit.template [2ms]
[2022-05-23T15:44:10.269Z] > git status -z -uall [3ms]
[2022-05-23T15:44:10.279Z] > git symbolic-ref --short HEAD [1ms]
[2022-05-23T15:44:10.291Z] > git for-each-ref --format=%(refname)%00%(upstream:short)%00%(objectname)%00%(upstream:track)%00%(upstream:remotename)%00%(upstream:remoteref) refs/heads/main refs/remotes/main [2ms]
[2022-05-23T15:44:10.310Z] > git remote --verbose [1ms]
[2022-05-23T15:44:10.310Z] > git for-each-ref --sort -committerdate --format %(refname) %(objectname) %(*objectname) [11ms]
[2022-05-23T15:44:10.325Z] > git config --get commit.template [2ms]
[2022-05-23T15:44:11.703Z] > git show --textconv :homework2/log [10ms]
[2022-05-23T15:44:11.705Z] > git ls-files --stage -- /home/albys/Sistemi Operativi 2/Homework-Sistemi-Operativi-2/homework2/log [3ms]
[2022-05-23T15:44:11.714Z] > git cat-file -s b1216a3639f0c55694a6f9f01cf844426d0b4f9c [1ms]
[2022-05-23T15:44:42.039Z] > git show --textconv :homework2/client.c [13ms]
[2022-05-23T15:44:42.041Z] > git ls-files --stage -- /home/albys/Sistemi Operativi 2/Homework-Sistemi-Operativi-2/homework2/client.c [4ms]
[2022-05-23T15:44:42.053Z] > git cat-file -s 931b6ea22b7f67bab45df899ab84df613028cd07 [2ms]
[2022-05-23T15:44:42.813Z] > git show --textconv :homework2/server.c [15ms]
[2022-05-23T15:44:42.813Z] > git ls-files --stage -- /home/albys/Sistemi Operativi 2/Homework-Sistemi-Operativi-2/homework2/server.c [5ms]
[2022-05-23T15:44:42.824Z] > git cat-file -s 5552f06aa85e808fb7d31682e26d05d0265c94f9 [2ms]
[2022-05-23T15:45:54.687Z] > git status -z -uall [2ms]
[2022-05-23T15:45:54.697Z] > git symbolic-ref --short HEAD [2ms]
[2022-05-23T15:45:54.708Z] > git for-each-ref --format=%(refname)%00%(upstream:short)%00%(objectname)%00%(upstream:track)%00%(upstream:remotename)%00%(upstream:remoteref) refs/heads/main refs/remotes/main [2ms]
[2022-05-23T15:45:54.729Z] > git remote --verbose [3ms]
[2022-05-23T15:45:54.730Z] > git for-each-ref --sort -committerdate --format %(refname) %(objectname) %(*objectname) [11ms]
[2022-05-23T15:45:54.743Z] > git config --get commit.template [2ms]
[2022-05-23T15:45:59.989Z] > git status -z -uall [4ms]
[2022-05-23T15:46:00.001Z] > git symbolic-ref --short HEAD [2ms]
[2022-05-23T15:46:00.011Z] > git for-each-ref --format=%(refname)%00%(upstream:short)%00%(objectname)%00%(upstream:track)%00%(upstream:remotename)%00%(upstream:remoteref) refs/heads/main refs/remotes/main [2ms]
[2022-05-23T15:46:00.029Z] > git for-each-ref --sort -committerdate --format %(refname) %(objectname) %(*objectname) [9ms]
[2022-05-23T15:46:00.030Z] > git remote --verbose [2ms]
[2022-05-23T15:46:00.044Z] > git config --get commit.template [2ms]
[2022-05-23T15:47:33.532Z] > git status -z -uall [5ms]
[2022-05-23T15:47:33.544Z] > git symbolic-ref --short HEAD [2ms]
[2022-05-23T15:47:33.556Z] > git for-each-ref --format=%(refname)%00%(upstream:short)%00%(objectname)%00%(upstream:track)%00%(upstream:remotename)%00%(upstream:remoteref) refs/heads/main refs/remotes/main [2ms]
[2022-05-23T15:47:33.579Z] > git for-each-ref --sort -committerdate --format %(refname) %(objectname) %(*objectname) [11ms]
[2022-05-23T15:47:33.580Z] > git remote --verbose [2ms]
[2022-05-23T15:47:33.594Z] > git config --get commit.template [2ms]
