[2022-05-26 12:31:05.464] [main] [info] window#load: attempt to load window (id: 1)
[2022-05-26 12:31:05.474] [main] [info] update#setState idle
[2022-05-26 12:31:05.514] [main] [info] ExtensionHostStarterWorker created
[2022-05-26 12:31:06.616] [main] [info] window#load: window reported ready (id: 1)
[2022-05-26 12:31:07.029] [main] [info] Starting extension host with pid 2342 (fork() took 53 ms).
[2022-05-26 12:31:07.030] [main] [info] ExtensionHostStarterWorker.start() took 56 ms.
[2022-05-26 12:31:20.025] [main] [info] window#load: attempt to load window (id: 1)
[2022-05-26 12:31:20.709] [main] [info] window#load: window reported ready (id: 1)
[2022-05-26 12:31:20.925] [main] [info] Extension host with pid 2342 exited with code: 0, signal: null.
[2022-05-26 12:31:21.007] [main] [info] Starting extension host with pid 2595 (fork() took 13 ms).
[2022-05-26 12:31:21.008] [main] [info] ExtensionHostStarterWorker.start() took 16 ms.
[2022-05-26 12:31:35.479] [main] [info] update#setState checking for updates
[2022-05-26 12:31:35.524] [main] [info] update#setState idle
[2022-05-26 12:32:08.107] [main] [info] window#load: attempt to load window (id: 1)
[2022-05-26 12:32:08.156] [main] [info] Extension host with pid 2595 exited with code: 0, signal: null.
[2022-05-26 12:32:08.792] [main] [info] window#load: window reported ready (id: 1)
[2022-05-26 12:32:09.100] [main] [info] Starting extension host with pid 2718 (fork() took 15 ms).
[2022-05-26 12:32:09.100] [main] [info] ExtensionHostStarterWorker.start() took 17 ms.
[2022-05-26 12:47:54.309] [main] [info] Waiting for extension host with pid 2718 to exit.
[2022-05-26 12:47:54.347] [main] [info] Extension host with pid 2718 exited with code: 0, signal: null.
