Logging level: Normal
Dropping various extension output files at /home/albys/Sistemi Operativi 2/Homework-Sistemi-Operativi-2/homework2/.vscode
Configurations cached at /home/albys/Sistemi Operativi 2/Homework-Sistemi-Operativi-2/homework2/.vscode/configurationCache.log
No path to the makefile is defined in the settings file.
No folder path to the makefile is defined in the settings file.
Always pre-configure: false
Dry-run switches: --always-make,--keep-going,--print-directory
Additional compiler names: 
Exclude compiler names: 
No current configuration is defined in the workspace state. Assuming 'Default'.
No target defined in the workspace state. Assuming 'Default'.
No current launch configuration is set in the workspace state.
Default launch configuration: MIMode = undefined,
                    miDebuggerPath = undefined,
                    stopAtEntry = undefined,
                    symbolSearchPath = undefined
Configure on open: true
Configure on edit: true
Configure after command: true
Only .PHONY targets: false
Save before build or configure: true
Build before launch: true
Clear output before build: true
Ignore directory commands: true
compile_commands.json path: null
Deduced command 'make ' for configuration "Default"
Saving opened files before build.
Configuring from cache: /home/albys/Sistemi Operativi 2/Homework-Sistemi-Operativi-2/homework2/.vscode/configurationCache.log
Load configuration from cache elapsed time: 0.115
Generating in the background a new configuration cache with command: 'make --dry-run --always-make --keep-going --print-directory'
Writing the dry-run output: /home/albys/Sistemi Operativi 2/Homework-Sistemi-Operativi-2/homework2/.vscode/dryrun.log
Generating dry-run elapsed time: 0.017
Preprocessing: "/home/albys/Sistemi Operativi 2/Homework-Sistemi-Operativi-2/homework2/.vscode/dryrun.log"
Configure succeeded.
Configure elapsed time: 0.221
Configuration for file /home/albys/sn.c was not found. CppTools will set a default configuration.
