Logging level: Normal
Dropping various extension output files at /home/albys/Sistemi Operativi 2/Homework-Sistemi-Operativi-2/homework2/.vscode
Configurations cached at /home/albys/Sistemi Operativi 2/Homework-Sistemi-Operativi-2/homework2/.vscode/configurationCache.log
No path to the makefile is defined in the settings file.
No folder path to the makefile is defined in the settings file.
Always pre-configure: false
Dry-run switches: --always-make,--keep-going,--print-directory
Additional compiler names: 
Exclude compiler names: 
No current configuration is defined in the workspace state. Assuming 'Default'.
No target defined in the workspace state. Assuming 'Default'.
No current launch configuration is set in the workspace state.
Default launch configuration: MIMode = undefined,
                    miDebuggerPath = undefined,
                    stopAtEntry = undefined,
                    symbolSearchPath = undefined
Configure on open: true
Configure on edit: true
Configure after command: true
Only .PHONY targets: false
Save before build or configure: true
Build before launch: true
Clear output before build: true
Ignore directory commands: true
compile_commands.json path: null
Deduced command 'make ' for configuration "Default"
Saving opened files before build.
Configuring from cache: /home/albys/Sistemi Operativi 2/Homework-Sistemi-Operativi-2/homework2/.vscode/configurationCache.log
Load configuration from cache elapsed time: 0.078
Generating in the background a new configuration cache with command: 'make --dry-run --always-make --keep-going --print-directory'
Writing the dry-run output: /home/albys/Sistemi Operativi 2/Homework-Sistemi-Operativi-2/homework2/.vscode/dryrun.log
Generating dry-run elapsed time: 0.029
Preprocessing: "/home/albys/Sistemi Operativi 2/Homework-Sistemi-Operativi-2/homework2/.vscode/dryrun.log"
Preprocess elapsed time: 0
Parsing for IntelliSense.
Updating the CppTools IntelliSense Configuration Provider.
Parsing dry-run output for CppTools Custom Configuration Provider.
Sending configuration for file /home/albys/Sistemi Operativi 2/Homework-Sistemi-Operativi-2/homework2/server.c -----------------------------------
Sending configuration for file /home/albys/Sistemi Operativi 2/Homework-Sistemi-Operativi-2/homework2/client.c -----------------------------------
Parsing for IntelliSense elapsed time: 0.042
Parsing for launch targets.
Found the following 2 launch targets defined in the makefile: /home/albys/Sistemi Operativi 2/Homework-Sistemi-Operativi-2/homework2>client();/home/albys/Sistemi Operativi 2/Homework-Sistemi-Operativi-2/homework2>server()
Complete list of launch targets: /home/albys/Sistemi Operativi 2/Homework-Sistemi-Operativi-2/homework2>client();/home/albys/Sistemi Operativi 2/Homework-Sistemi-Operativi-2/homework2>server()
Parsing for launch targets elapsed time: 0.006
Generating parse content for build targets.
Generating targets information with command: 'make all --print-data-base --no-builtin-variables --no-builtin-rules --question'
Writing the dry-run output: /home/albys/Sistemi Operativi 2/Homework-Sistemi-Operativi-2/homework2/.vscode/targets.log
Generating dry-run elapsed time: 0.011
Parsing for build targets from: "/home/albys/Sistemi Operativi 2/Homework-Sistemi-Operativi-2/homework2/.vscode/targets.log"
Found the following 3 build targets defined in the makefile: all;client;server
Complete list of build targets: all;client;server
Parsing build targets elapsed time: 0.007
Configure finished. The status for all the subphases that ran:
loadFromCache: return code = 0, elapsed time = 0.078
generateParseContent: return code = 0, elapsed time = 0.029
preprocessParseContent: return code = 0, elapsed time = 0
parseIntelliSense: return code = 0, elapsed time = 0.042
parseLaunch: return code = 0, elapsed time = 0.006
dryrunTargets: return code = 1, elapsed time = 0.011
parseTargets: return code = 0, elapsed time = 0.007
Configure succeeded.
Configure elapsed time: 0.225
Configuration for file /home/albys/sn.c was not found. CppTools will set a default configuration.
Configuration for file /home/albys/sn.c was not found. CppTools will set a default configuration.
Configuration for file /home/albys/sn.c was not found. CppTools will set a default configuration.
