[2022-06-19T21:07:53.356Z] Validating found git in: git
[2022-06-19T21:07:53.491Z] Using git 2.36.1 from git
[2022-06-19T21:07:53.503Z] > git rev-parse --show-toplevel [5ms]
[2022-06-19T21:07:53.503Z] fatal: not a git repository (or any parent up to mount point /)
Stopping at filesystem boundary (GIT_DISCOVERY_ACROSS_FILESYSTEM not set).
[2022-06-19T21:07:53.513Z] > git rev-parse --show-toplevel [1ms]
[2022-06-19T21:07:53.513Z] fatal: not a git repository (or any parent up to mount point /)
Stopping at filesystem boundary (GIT_DISCOVERY_ACROSS_FILESYSTEM not set).
[2022-06-19T21:07:53.518Z] > git rev-parse --show-toplevel [1ms]
[2022-06-19T21:07:53.518Z] fatal: not a git repository (or any parent up to mount point /)
Stopping at filesystem boundary (GIT_DISCOVERY_ACROSS_FILESYSTEM not set).
[2022-06-19T21:07:53.526Z] > git rev-parse --show-toplevel [1ms]
[2022-06-19T21:07:53.526Z] fatal: not a git repository (or any parent up to mount point /)
Stopping at filesystem boundary (GIT_DISCOVERY_ACROSS_FILESYSTEM not set).
[2022-06-19T21:07:53.582Z] > git rev-parse --show-toplevel [50ms]
[2022-06-19T21:07:53.582Z] fatal: not a git repository (or any parent up to mount point /)
Stopping at filesystem boundary (GIT_DISCOVERY_ACROSS_FILESYSTEM not set).
[2022-06-19T21:07:53.662Z] > git rev-parse --show-toplevel [75ms]
[2022-06-19T21:07:53.662Z] fatal: not a git repository (or any parent up to mount point /)
Stopping at filesystem boundary (GIT_DISCOVERY_ACROSS_FILESYSTEM not set).
[2022-06-19T21:07:53.711Z] > git rev-parse --show-toplevel [43ms]
[2022-06-19T21:07:53.711Z] fatal: not a git repository (or any parent up to mount point /)
Stopping at filesystem boundary (GIT_DISCOVERY_ACROSS_FILESYSTEM not set).
[2022-06-19T21:07:53.723Z] > git rev-parse --show-toplevel [5ms]
[2022-06-19T21:07:53.723Z] fatal: not a git repository (or any parent up to mount point /)
Stopping at filesystem boundary (GIT_DISCOVERY_ACROSS_FILESYSTEM not set).
[2022-06-19T21:07:53.745Z] > git rev-parse --show-toplevel [14ms]
[2022-06-19T21:07:53.745Z] fatal: not a git repository (or any parent up to mount point /)
Stopping at filesystem boundary (GIT_DISCOVERY_ACROSS_FILESYSTEM not set).
[2022-06-19T21:07:53.752Z] > git rev-parse --show-toplevel [1ms]
[2022-06-19T21:07:53.752Z] fatal: not a git repository (or any parent up to mount point /)
Stopping at filesystem boundary (GIT_DISCOVERY_ACROSS_FILESYSTEM not set).
[2022-06-19T21:07:53.819Z] > git rev-parse --show-toplevel [59ms]
[2022-06-19T21:07:53.819Z] fatal: not a git repository (or any parent up to mount point /)
Stopping at filesystem boundary (GIT_DISCOVERY_ACROSS_FILESYSTEM not set).
[2022-06-19T21:07:53.844Z] > git rev-parse --show-toplevel [18ms]
[2022-06-19T21:07:53.844Z] fatal: not a git repository (or any parent up to mount point /)
Stopping at filesystem boundary (GIT_DISCOVERY_ACROSS_FILESYSTEM not set).
[2022-06-19T21:07:53.909Z] > git rev-parse --show-toplevel [58ms]
[2022-06-19T21:07:53.909Z] fatal: not a git repository (or any parent up to mount point /)
Stopping at filesystem boundary (GIT_DISCOVERY_ACROSS_FILESYSTEM not set).
[2022-06-19T21:07:53.953Z] > git rev-parse --show-toplevel [39ms]
[2022-06-19T21:07:53.953Z] fatal: not a git repository (or any parent up to mount point /)
Stopping at filesystem boundary (GIT_DISCOVERY_ACROSS_FILESYSTEM not set).
[2022-06-19T21:07:53.971Z] > git rev-parse --show-toplevel [9ms]
[2022-06-19T21:07:53.982Z] > git rev-parse --git-dir --git-common-dir [3ms]
[2022-06-19T21:07:53.987Z] Open repository: /home/albys/Homework-Sistemi-Operativi-2
[2022-06-19T21:07:54.003Z] > git status -z -uall [7ms]
[2022-06-19T21:07:54.012Z] > git rev-parse --show-toplevel [11ms]
[2022-06-19T21:07:54.012Z] fatal: not a git repository (or any parent up to mount point /)
Stopping at filesystem boundary (GIT_DISCOVERY_ACROSS_FILESYSTEM not set).
[2022-06-19T21:07:54.026Z] > git symbolic-ref --short HEAD [16ms]
[2022-06-19T21:07:54.045Z] > git rev-parse --show-toplevel [27ms]
[2022-06-19T21:07:54.045Z] fatal: not a git repository (or any parent up to mount point /)
Stopping at filesystem boundary (GIT_DISCOVERY_ACROSS_FILESYSTEM not set).
[2022-06-19T21:07:54.057Z] > git for-each-ref --format=%(refname)%00%(upstream:short)%00%(objectname)%00%(upstream:track)%00%(upstream:remotename)%00%(upstream:remoteref) refs/heads/main refs/remotes/main [24ms]
[2022-06-19T21:07:54.075Z] > git remote --verbose [9ms]
[2022-06-19T21:07:54.076Z] > git for-each-ref --sort -committerdate --format %(refname) %(objectname) %(*objectname) [14ms]
[2022-06-19T21:07:54.078Z] > git rev-parse --show-toplevel [28ms]
[2022-06-19T21:07:54.078Z] fatal: not a git repository (or any parent up to mount point /)
Stopping at filesystem boundary (GIT_DISCOVERY_ACROSS_FILESYSTEM not set).
[2022-06-19T21:07:54.097Z] > git config --get commit.template [6ms]
[2022-06-19T21:07:54.098Z] > git rev-parse --show-toplevel [15ms]
[2022-06-19T21:07:54.098Z] fatal: not a git repository (or any parent up to mount point /)
Stopping at filesystem boundary (GIT_DISCOVERY_ACROSS_FILESYSTEM not set).
[2022-06-19T21:07:54.118Z] > git rev-parse --show-toplevel [16ms]
[2022-06-19T21:07:54.118Z] fatal: not a git repository (or any parent up to mount point /)
Stopping at filesystem boundary (GIT_DISCOVERY_ACROSS_FILESYSTEM not set).
[2022-06-19T21:07:54.133Z] > git rev-parse --show-toplevel [9ms]
[2022-06-19T21:07:54.133Z] fatal: not a git repository (or any parent up to mount point /)
Stopping at filesystem boundary (GIT_DISCOVERY_ACROSS_FILESYSTEM not set).
[2022-06-19T21:07:54.145Z] > git rev-parse --show-toplevel [6ms]
[2022-06-19T21:07:54.153Z] > git rev-parse --git-dir --git-common-dir [2ms]
[2022-06-19T21:07:54.156Z] Open repository: /home/albys/dmenu
[2022-06-19T21:07:54.170Z] > git status -z -uall [8ms]
[2022-06-19T21:07:54.179Z] > git rev-parse --show-toplevel [11ms]
[2022-06-19T21:07:54.179Z] fatal: not a git repository (or any parent up to mount point /)
Stopping at filesystem boundary (GIT_DISCOVERY_ACROSS_FILESYSTEM not set).
[2022-06-19T21:07:54.189Z] > git symbolic-ref --short HEAD [12ms]
[2022-06-19T21:07:54.197Z] > git rev-parse --show-toplevel [12ms]
[2022-06-19T21:07:54.205Z] > git for-each-ref --format=%(refname)%00%(upstream:short)%00%(objectname)%00%(upstream:track)%00%(upstream:remotename)%00%(upstream:remoteref) refs/heads/master refs/remotes/master [10ms]
[2022-06-19T21:07:54.221Z] > git for-each-ref --sort -committerdate --format %(refname) %(objectname) %(*objectname) [9ms]
[2022-06-19T21:07:54.223Z] > git rev-parse --git-dir --git-common-dir [22ms]
[2022-06-19T21:07:54.225Z] Open repository: /home/albys/dwm
[2022-06-19T21:07:54.241Z] > git status -z -uall [10ms]
[2022-06-19T21:07:54.248Z] > git remote --verbose [30ms]
[2022-06-19T21:07:54.259Z] > git symbolic-ref --short HEAD [11ms]
[2022-06-19T21:07:54.264Z] > git rev-parse --show-toplevel [26ms]
[2022-06-19T21:07:54.264Z] fatal: not a git repository (or any parent up to mount point /)
Stopping at filesystem boundary (GIT_DISCOVERY_ACROSS_FILESYSTEM not set).
[2022-06-19T21:07:54.278Z] > git rev-parse --show-toplevel [7ms]
[2022-06-19T21:07:54.285Z] > git for-each-ref --format=%(refname)%00%(upstream:short)%00%(objectname)%00%(upstream:track)%00%(upstream:remotename)%00%(upstream:remoteref) refs/heads/master refs/remotes/master [21ms]
[2022-06-19T21:07:54.298Z] > git config --get commit.template [41ms]
[2022-06-19T21:07:54.301Z] > git remote --verbose [4ms]
[2022-06-19T21:07:54.301Z] > git for-each-ref --sort -committerdate --format %(refname) %(objectname) %(*objectname) [10ms]
[2022-06-19T21:07:54.303Z] > git rev-parse --git-dir --git-common-dir [18ms]
[2022-06-19T21:07:54.306Z] Open repository: /home/albys/sfm
[2022-06-19T21:07:54.330Z] > git status -z -uall [19ms]
[2022-06-19T21:07:54.344Z] > git symbolic-ref --short HEAD [8ms]
[2022-06-19T21:07:54.348Z] > git config --get commit.template [24ms]
[2022-06-19T21:07:54.349Z] > git rev-parse --show-toplevel [33ms]
[2022-06-19T21:07:54.356Z] > git for-each-ref --format=%(refname)%00%(upstream:short)%00%(objectname)%00%(upstream:track)%00%(upstream:remotename)%00%(upstream:remoteref) refs/heads/main refs/remotes/main [8ms]
[2022-06-19T21:07:54.369Z] > git for-each-ref --sort -committerdate --format %(refname) %(objectname) %(*objectname) [8ms]
[2022-06-19T21:07:54.369Z] > git rev-parse --git-dir --git-common-dir [14ms]
[2022-06-19T21:07:54.371Z] Open repository: /home/albys/slstatus
[2022-06-19T21:07:54.383Z] > git remote --verbose [16ms]
[2022-06-19T21:07:54.392Z] > git status -z -uall [15ms]
[2022-06-19T21:07:54.399Z] > git rev-parse --show-toplevel [16ms]
[2022-06-19T21:07:54.412Z] > git rev-parse --git-dir --git-common-dir [6ms]
[2022-06-19T21:07:54.414Z] Open repository: /home/albys/st
[2022-06-19T21:07:54.427Z] > git symbolic-ref --short HEAD [29ms]
[2022-06-19T21:07:54.433Z] > git config --get commit.template [41ms]
[2022-06-19T21:07:54.435Z] > git status -z -uall [15ms]
[2022-06-19T21:07:54.452Z] > git for-each-ref --format=%(refname)%00%(upstream:short)%00%(objectname)%00%(upstream:track)%00%(upstream:remotename)%00%(upstream:remoteref) refs/heads/master refs/remotes/master [20ms]
[2022-06-19T21:07:54.463Z] > git rev-parse --show-toplevel [36ms]
[2022-06-19T21:07:54.472Z] > git rev-parse --git-dir --git-common-dir [4ms]
[2022-06-19T21:07:54.473Z] Open repository: /home/albys/surf
[2022-06-19T21:07:54.486Z] > git remote --verbose [23ms]
[2022-06-19T21:07:54.486Z] > git for-each-ref --sort -committerdate --format %(refname) %(objectname) %(*objectname) [29ms]
[2022-06-19T21:07:54.489Z] > git symbolic-ref --short HEAD [49ms]
[2022-06-19T21:07:54.519Z] > git status -z -uall [39ms]
[2022-06-19T21:07:54.525Z] > git for-each-ref --format=%(refname)%00%(upstream:short)%00%(objectname)%00%(upstream:track)%00%(upstream:remotename)%00%(upstream:remoteref) refs/heads/master refs/remotes/master [32ms]
[2022-06-19T21:07:54.536Z] > git rev-parse --show-toplevel [50ms]
[2022-06-19T21:07:54.536Z] fatal: not a git repository (or any parent up to mount point /)
Stopping at filesystem boundary (GIT_DISCOVERY_ACROSS_FILESYSTEM not set).
[2022-06-19T21:07:54.538Z] > git remote --verbose [3ms]
[2022-06-19T21:07:54.538Z] > git for-each-ref --sort -committerdate --format %(refname) %(objectname) %(*objectname) [8ms]
[2022-06-19T21:07:54.540Z] > git symbolic-ref --short HEAD [15ms]
[2022-06-19T21:07:54.546Z] > git config --get commit.template [34ms]
[2022-06-19T21:07:54.555Z] > git for-each-ref --format=%(refname)%00%(upstream:short)%00%(objectname)%00%(upstream:track)%00%(upstream:remotename)%00%(upstream:remoteref) refs/heads/surf-webkit2 refs/remotes/surf-webkit2 [9ms]
[2022-06-19T21:07:54.569Z] > git remote --verbose [3ms]
[2022-06-19T21:07:54.569Z] > git for-each-ref --sort -committerdate --format %(refname) %(objectname) %(*objectname) [9ms]
[2022-06-19T21:07:54.571Z] > git config --get commit.template [18ms]
[2022-06-19T21:07:54.581Z] > git config --get commit.template [4ms]
[2022-06-19T21:07:55.064Z] > git check-ignore -v -z --stdin [37ms]
[2022-06-19T21:07:55.065Z] > git check-ignore -v -z --stdin [31ms]
[2022-06-19T21:07:55.065Z] > git check-ignore -v -z --stdin [24ms]
[2022-06-19T21:07:55.065Z] > git check-ignore -v -z --stdin [18ms]
[2022-06-19T21:07:55.066Z] > git check-ignore -v -z --stdin [14ms]
[2022-06-19T21:07:55.066Z] > git check-ignore -v -z --stdin [3ms]
[2022-06-19T21:07:55.066Z] > git check-ignore -v -z --stdin [8ms]
[2022-06-19T21:07:57.288Z] > git check-ignore -v -z --stdin [2ms]
[2022-06-19T21:07:59.249Z] > git check-ignore -v -z --stdin [1ms]
[2022-06-19T21:08:03.387Z] > git check-ignore -v -z --stdin [1ms]
[2022-06-19T21:08:05.428Z] > git show --textconv :homework2/client.c [16ms]
[2022-06-19T21:08:05.429Z] > git ls-files --stage -- /home/albys/Homework-Sistemi-Operativi-2/homework2/client.c [4ms]
[2022-06-19T21:08:05.440Z] > git cat-file -s 022d7e81eb74d8340b9043599fac5f0219bce054 [2ms]
[2022-06-19T21:10:15.087Z] > git status -z -uall [1ms]
[2022-06-19T21:10:15.097Z] > git symbolic-ref --short HEAD [1ms]
[2022-06-19T21:10:15.107Z] > git for-each-ref --format=%(refname)%00%(upstream:short)%00%(objectname)%00%(upstream:track)%00%(upstream:remotename)%00%(upstream:remoteref) refs/heads/main refs/remotes/main [2ms]
[2022-06-19T21:10:15.125Z] > git for-each-ref --sort -committerdate --format %(refname) %(objectname) %(*objectname) [10ms]
[2022-06-19T21:10:15.126Z] > git remote --verbose [2ms]
[2022-06-19T21:10:15.140Z] > git config --get commit.template [2ms]
[2022-06-19T21:10:20.286Z] > git status -z -uall [1ms]
[2022-06-19T21:10:20.298Z] > git symbolic-ref --short HEAD [2ms]
[2022-06-19T21:10:20.308Z] > git for-each-ref --format=%(refname)%00%(upstream:short)%00%(objectname)%00%(upstream:track)%00%(upstream:remotename)%00%(upstream:remoteref) refs/heads/main refs/remotes/main [2ms]
[2022-06-19T21:10:20.325Z] > git for-each-ref --sort -committerdate --format %(refname) %(objectname) %(*objectname) [9ms]
[2022-06-19T21:10:20.325Z] > git remote --verbose [2ms]
[2022-06-19T21:10:20.336Z] > git config --get commit.template [1ms]
[2022-06-19T21:11:27.405Z] > git status -z -uall [3ms]
[2022-06-19T21:11:27.414Z] > git symbolic-ref --short HEAD [2ms]
[2022-06-19T21:11:27.425Z] > git for-each-ref --format=%(refname)%00%(upstream:short)%00%(objectname)%00%(upstream:track)%00%(upstream:remotename)%00%(upstream:remoteref) refs/heads/main refs/remotes/main [2ms]
[2022-06-19T21:11:27.441Z] > git for-each-ref --sort -committerdate --format %(refname) %(objectname) %(*objectname) [9ms]
[2022-06-19T21:11:27.441Z] > git remote --verbose [1ms]
[2022-06-19T21:11:27.453Z] > git config --get commit.template [2ms]
[2022-06-19T21:11:32.187Z] > git show --textconv :homework2/server.c [9ms]
[2022-06-19T21:11:32.188Z] > git ls-files --stage -- /home/albys/Homework-Sistemi-Operativi-2/homework2/server.c [1ms]
[2022-06-19T21:11:32.200Z] > git cat-file -s a097c5653e6f9676d5cbd897fc4f92aaed21b11b [3ms]
[2022-06-19T21:12:43.509Z] > git status -z -uall [2ms]
[2022-06-19T21:12:43.520Z] > git symbolic-ref --short HEAD [1ms]
[2022-06-19T21:12:43.531Z] > git for-each-ref --format=%(refname)%00%(upstream:short)%00%(objectname)%00%(upstream:track)%00%(upstream:remotename)%00%(upstream:remoteref) refs/heads/main refs/remotes/main [1ms]
[2022-06-19T21:12:43.552Z] > git for-each-ref --sort -committerdate --format %(refname) %(objectname) %(*objectname) [12ms]
[2022-06-19T21:12:43.553Z] > git remote --verbose [2ms]
[2022-06-19T21:12:43.567Z] > git config --get commit.template [1ms]
[2022-06-19T21:12:48.580Z] > git status -z -uall [3ms]
[2022-06-19T21:12:48.590Z] > git symbolic-ref --short HEAD [1ms]
[2022-06-19T21:12:48.602Z] > git for-each-ref --format=%(refname)%00%(upstream:short)%00%(objectname)%00%(upstream:track)%00%(upstream:remotename)%00%(upstream:remoteref) refs/heads/main refs/remotes/main [2ms]
[2022-06-19T21:12:48.622Z] > git for-each-ref --sort -committerdate --format %(refname) %(objectname) %(*objectname) [11ms]
[2022-06-19T21:12:48.622Z] > git remote --verbose [2ms]
[2022-06-19T21:12:48.657Z] > git show --textconv :homework2/client.c [11ms]
[2022-06-19T21:12:48.658Z] > git config --get commit.template [23ms]
[2022-06-19T21:12:48.659Z] > git ls-files --stage -- /home/albys/Homework-Sistemi-Operativi-2/homework2/client.c [4ms]
[2022-06-19T21:12:48.671Z] > git cat-file -s 022d7e81eb74d8340b9043599fac5f0219bce054 [2ms]
[2022-06-19T21:15:16.223Z] > git status -z -uall [2ms]
[2022-06-19T21:15:16.235Z] > git symbolic-ref --short HEAD [2ms]
[2022-06-19T21:15:16.246Z] > git for-each-ref --format=%(refname)%00%(upstream:short)%00%(objectname)%00%(upstream:track)%00%(upstream:remotename)%00%(upstream:remoteref) refs/heads/main refs/remotes/main [3ms]
[2022-06-19T21:15:16.265Z] > git for-each-ref --sort -committerdate --format %(refname) %(objectname) %(*objectname) [10ms]
[2022-06-19T21:15:16.266Z] > git remote --verbose [2ms]
[2022-06-19T21:15:16.278Z] > git config --get commit.template [1ms]
[2022-06-19T21:15:21.292Z] > git status -z -uall [2ms]
[2022-06-19T21:15:21.302Z] > git symbolic-ref --short HEAD [1ms]
[2022-06-19T21:15:21.314Z] > git for-each-ref --format=%(refname)%00%(upstream:short)%00%(objectname)%00%(upstream:track)%00%(upstream:remotename)%00%(upstream:remoteref) refs/heads/main refs/remotes/main [3ms]
[2022-06-19T21:15:21.333Z] > git for-each-ref --sort -committerdate --format %(refname) %(objectname) %(*objectname) [11ms]
[2022-06-19T21:15:21.333Z] > git remote --verbose [2ms]
[2022-06-19T21:15:21.345Z] > git config --get commit.template [1ms]
[2022-06-19T21:15:37.810Z] > git status -z -uall [3ms]
[2022-06-19T21:15:37.820Z] > git symbolic-ref --short HEAD [2ms]
[2022-06-19T21:15:37.832Z] > git for-each-ref --format=%(refname)%00%(upstream:short)%00%(objectname)%00%(upstream:track)%00%(upstream:remotename)%00%(upstream:remoteref) refs/heads/main refs/remotes/main [2ms]
[2022-06-19T21:15:37.851Z] > git for-each-ref --sort -committerdate --format %(refname) %(objectname) %(*objectname) [9ms]
[2022-06-19T21:15:37.852Z] > git remote --verbose [2ms]
[2022-06-19T21:15:37.864Z] > git config --get commit.template [2ms]
[2022-06-19T21:15:45.222Z] > git status -z -uall [2ms]
[2022-06-19T21:15:45.232Z] > git symbolic-ref --short HEAD [1ms]
[2022-06-19T21:15:45.242Z] > git for-each-ref --format=%(refname)%00%(upstream:short)%00%(objectname)%00%(upstream:track)%00%(upstream:remotename)%00%(upstream:remoteref) refs/heads/main refs/remotes/main [2ms]
[2022-06-19T21:15:45.261Z] > git for-each-ref --sort -committerdate --format %(refname) %(objectname) %(*objectname) [11ms]
[2022-06-19T21:15:45.261Z] > git remote --verbose [2ms]
[2022-06-19T21:15:45.273Z] > git config --get commit.template [1ms]
[2022-06-19T21:15:50.809Z] > git status -z -uall [2ms]
[2022-06-19T21:15:50.822Z] > git symbolic-ref --short HEAD [2ms]
[2022-06-19T21:15:50.834Z] > git for-each-ref --format=%(refname)%00%(upstream:short)%00%(objectname)%00%(upstream:track)%00%(upstream:remotename)%00%(upstream:remoteref) refs/heads/main refs/remotes/main [1ms]
[2022-06-19T21:15:50.854Z] > git for-each-ref --sort -committerdate --format %(refname) %(objectname) %(*objectname) [11ms]
[2022-06-19T21:15:50.854Z] > git remote --verbose [2ms]
[2022-06-19T21:15:50.866Z] > git config --get commit.template [1ms]
[2022-06-19T21:16:10.414Z] > git status -z -uall [2ms]
[2022-06-19T21:16:10.425Z] > git symbolic-ref --short HEAD [1ms]
[2022-06-19T21:16:10.436Z] > git for-each-ref --format=%(refname)%00%(upstream:short)%00%(objectname)%00%(upstream:track)%00%(upstream:remotename)%00%(upstream:remoteref) refs/heads/main refs/remotes/main [2ms]
[2022-06-19T21:16:10.453Z] > git for-each-ref --sort -committerdate --format %(refname) %(objectname) %(*objectname) [9ms]
[2022-06-19T21:16:10.454Z] > git remote --verbose [2ms]
[2022-06-19T21:16:10.468Z] > git config --get commit.template [2ms]
[2022-06-19T21:16:17.934Z] > git status -z -uall [1ms]
[2022-06-19T21:16:17.947Z] > git symbolic-ref --short HEAD [2ms]
[2022-06-19T21:16:17.959Z] > git for-each-ref --format=%(refname)%00%(upstream:short)%00%(objectname)%00%(upstream:track)%00%(upstream:remotename)%00%(upstream:remoteref) refs/heads/main refs/remotes/main [3ms]
[2022-06-19T21:16:17.980Z] > git for-each-ref --sort -committerdate --format %(refname) %(objectname) %(*objectname) [12ms]
[2022-06-19T21:16:17.981Z] > git remote --verbose [2ms]
[2022-06-19T21:16:17.995Z] > git config --get commit.template [1ms]
[2022-06-19T21:16:44.403Z] > git status -z -uall [3ms]
[2022-06-19T21:16:44.412Z] > git symbolic-ref --short HEAD [1ms]
[2022-06-19T21:16:44.424Z] > git for-each-ref --format=%(refname)%00%(upstream:short)%00%(objectname)%00%(upstream:track)%00%(upstream:remotename)%00%(upstream:remoteref) refs/heads/main refs/remotes/main [2ms]
[2022-06-19T21:16:44.443Z] > git for-each-ref --sort -committerdate --format %(refname) %(objectname) %(*objectname) [10ms]
[2022-06-19T21:16:44.443Z] > git remote --verbose [1ms]
[2022-06-19T21:16:44.456Z] > git config --get commit.template [2ms]
[2022-06-19T21:16:45.649Z] > git show --textconv :homework2/server.c [11ms]
[2022-06-19T21:16:45.651Z] > git ls-files --stage -- /home/albys/Homework-Sistemi-Operativi-2/homework2/server.c [4ms]
[2022-06-19T21:16:45.662Z] > git cat-file -s a097c5653e6f9676d5cbd897fc4f92aaed21b11b [2ms]
[2022-06-19T21:16:49.470Z] > git status -z -uall [2ms]
[2022-06-19T21:16:49.481Z] > git symbolic-ref --short HEAD [2ms]
[2022-06-19T21:16:49.499Z] > git for-each-ref --format=%(refname)%00%(upstream:short)%00%(objectname)%00%(upstream:track)%00%(upstream:remotename)%00%(upstream:remoteref) refs/heads/main refs/remotes/main [2ms]
[2022-06-19T21:16:49.520Z] > git for-each-ref --sort -committerdate --format %(refname) %(objectname) %(*objectname) [12ms]
[2022-06-19T21:16:49.520Z] > git remote --verbose [2ms]
[2022-06-19T21:16:49.533Z] > git config --get commit.template [2ms]
[2022-06-19T21:16:56.911Z] > git rev-parse --show-toplevel [7ms]
[2022-06-19T21:16:56.911Z] fatal: not a git repository (or any parent up to mount point /)
Stopping at filesystem boundary (GIT_DISCOVERY_ACROSS_FILESYSTEM not set).
[2022-06-19T21:17:00.488Z] > git status -z -uall [2ms]
[2022-06-19T21:17:00.499Z] > git symbolic-ref --short HEAD [1ms]
[2022-06-19T21:17:00.511Z] > git for-each-ref --format=%(refname)%00%(upstream:short)%00%(objectname)%00%(upstream:track)%00%(upstream:remotename)%00%(upstream:remoteref) refs/heads/main refs/remotes/main [2ms]
[2022-06-19T21:17:00.533Z] > git for-each-ref --sort -committerdate --format %(refname) %(objectname) %(*objectname) [13ms]
[2022-06-19T21:17:00.533Z] > git remote --verbose [2ms]
[2022-06-19T21:17:00.548Z] > git config --get commit.template [2ms]
[2022-06-19T21:17:05.992Z] > git status -z -uall [3ms]
[2022-06-19T21:17:06.005Z] > git symbolic-ref --short HEAD [2ms]
[2022-06-19T21:17:06.018Z] > git for-each-ref --format=%(refname)%00%(upstream:short)%00%(objectname)%00%(upstream:track)%00%(upstream:remotename)%00%(upstream:remoteref) refs/heads/main refs/remotes/main [2ms]
[2022-06-19T21:17:06.039Z] > git for-each-ref --sort -committerdate --format %(refname) %(objectname) %(*objectname) [10ms]
[2022-06-19T21:17:06.039Z] > git remote --verbose [2ms]
[2022-06-19T21:17:06.054Z] > git config --get commit.template [1ms]
[2022-06-19T21:17:11.068Z] > git status -z -uall [3ms]
[2022-06-19T21:17:11.080Z] > git symbolic-ref --short HEAD [1ms]
[2022-06-19T21:17:11.092Z] > git for-each-ref --format=%(refname)%00%(upstream:short)%00%(objectname)%00%(upstream:track)%00%(upstream:remotename)%00%(upstream:remoteref) refs/heads/main refs/remotes/main [3ms]
[2022-06-19T21:17:11.110Z] > git for-each-ref --sort -committerdate --format %(refname) %(objectname) %(*objectname) [10ms]
[2022-06-19T21:17:11.111Z] > git remote --verbose [2ms]
[2022-06-19T21:17:11.125Z] > git config --get commit.template [1ms]
[2022-06-19T21:17:24.085Z] > git status -z -uall [3ms]
[2022-06-19T21:17:24.101Z] > git symbolic-ref --short HEAD [2ms]
[2022-06-19T21:17:24.114Z] > git for-each-ref --format=%(refname)%00%(upstream:short)%00%(objectname)%00%(upstream:track)%00%(upstream:remotename)%00%(upstream:remoteref) refs/heads/main refs/remotes/main [2ms]
[2022-06-19T21:17:24.140Z] > git for-each-ref --sort -committerdate --format %(refname) %(objectname) %(*objectname) [14ms]
[2022-06-19T21:17:24.140Z] > git remote --verbose [2ms]
[2022-06-19T21:17:24.155Z] > git config --get commit.template [4ms]
[2022-06-19T21:17:35.880Z] > git status -z -uall [2ms]
[2022-06-19T21:17:35.892Z] > git symbolic-ref --short HEAD [2ms]
[2022-06-19T21:17:35.903Z] > git for-each-ref --format=%(refname)%00%(upstream:short)%00%(objectname)%00%(upstream:track)%00%(upstream:remotename)%00%(upstream:remoteref) refs/heads/main refs/remotes/main [2ms]
[2022-06-19T21:17:35.923Z] > git for-each-ref --sort -committerdate --format %(refname) %(objectname) %(*objectname) [11ms]
[2022-06-19T21:17:35.923Z] > git remote --verbose [2ms]
[2022-06-19T21:17:35.935Z] > git config --get commit.template [1ms]
[2022-06-19T21:17:57.562Z] > git status -z -uall [2ms]
[2022-06-19T21:17:57.576Z] > git symbolic-ref --short HEAD [3ms]
[2022-06-19T21:17:57.586Z] > git for-each-ref --format=%(refname)%00%(upstream:short)%00%(objectname)%00%(upstream:track)%00%(upstream:remotename)%00%(upstream:remoteref) refs/heads/main refs/remotes/main [2ms]
[2022-06-19T21:17:57.602Z] > git for-each-ref --sort -committerdate --format %(refname) %(objectname) %(*objectname) [9ms]
[2022-06-19T21:17:57.603Z] > git remote --verbose [2ms]
[2022-06-19T21:17:57.618Z] > git config --get commit.template [2ms]
[2022-06-19T21:18:02.632Z] > git status -z -uall [3ms]
[2022-06-19T21:18:02.642Z] > git symbolic-ref --short HEAD [1ms]
[2022-06-19T21:18:02.653Z] > git for-each-ref --format=%(refname)%00%(upstream:short)%00%(objectname)%00%(upstream:track)%00%(upstream:remotename)%00%(upstream:remoteref) refs/heads/main refs/remotes/main [2ms]
[2022-06-19T21:18:02.672Z] > git for-each-ref --sort -committerdate --format %(refname) %(objectname) %(*objectname) [10ms]
[2022-06-19T21:18:02.672Z] > git remote --verbose [1ms]
[2022-06-19T21:18:02.683Z] > git config --get commit.template [1ms]
[2022-06-19T21:18:09.115Z] > git status -z -uall [3ms]
[2022-06-19T21:18:09.130Z] > git symbolic-ref --short HEAD [2ms]
[2022-06-19T21:18:09.142Z] > git for-each-ref --format=%(refname)%00%(upstream:short)%00%(objectname)%00%(upstream:track)%00%(upstream:remotename)%00%(upstream:remoteref) refs/heads/main refs/remotes/main [2ms]
[2022-06-19T21:18:09.163Z] > git remote --verbose [2ms]
[2022-06-19T21:18:09.163Z] > git for-each-ref --sort -committerdate --format %(refname) %(objectname) %(*objectname) [12ms]
[2022-06-19T21:18:09.175Z] > git config --get commit.template [1ms]
[2022-06-19T21:18:14.190Z] > git status -z -uall [3ms]
[2022-06-19T21:18:14.201Z] > git symbolic-ref --short HEAD [2ms]
[2022-06-19T21:18:14.210Z] > git for-each-ref --format=%(refname)%00%(upstream:short)%00%(objectname)%00%(upstream:track)%00%(upstream:remotename)%00%(upstream:remoteref) refs/heads/main refs/remotes/main [1ms]
[2022-06-19T21:18:14.228Z] > git for-each-ref --sort -committerdate --format %(refname) %(objectname) %(*objectname) [10ms]
[2022-06-19T21:18:14.228Z] > git remote --verbose [2ms]
[2022-06-19T21:18:14.240Z] > git config --get commit.template [1ms]
[2022-06-19T21:18:19.253Z] > git status -z -uall [3ms]
[2022-06-19T21:18:19.264Z] > git symbolic-ref --short HEAD [2ms]
[2022-06-19T21:18:19.275Z] > git for-each-ref --format=%(refname)%00%(upstream:short)%00%(objectname)%00%(upstream:track)%00%(upstream:remotename)%00%(upstream:remoteref) refs/heads/main refs/remotes/main [2ms]
[2022-06-19T21:18:19.293Z] > git for-each-ref --sort -committerdate --format %(refname) %(objectname) %(*objectname) [9ms]
[2022-06-19T21:18:19.294Z] > git remote --verbose [2ms]
[2022-06-19T21:18:19.306Z] > git config --get commit.template [1ms]
[2022-06-19T21:18:29.693Z] > git status -z -uall [2ms]
[2022-06-19T21:18:29.704Z] > git symbolic-ref --short HEAD [2ms]
[2022-06-19T21:18:29.714Z] > git for-each-ref --format=%(refname)%00%(upstream:short)%00%(objectname)%00%(upstream:track)%00%(upstream:remotename)%00%(upstream:remoteref) refs/heads/main refs/remotes/main [2ms]
[2022-06-19T21:18:29.734Z] > git for-each-ref --sort -committerdate --format %(refname) %(objectname) %(*objectname) [12ms]
[2022-06-19T21:18:29.734Z] > git remote --verbose [2ms]
[2022-06-19T21:18:29.747Z] > git config --get commit.template [2ms]
[2022-06-19T21:18:37.133Z] > git status -z -uall [2ms]
[2022-06-19T21:18:37.143Z] > git symbolic-ref --short HEAD [1ms]
[2022-06-19T21:18:37.156Z] > git for-each-ref --format=%(refname)%00%(upstream:short)%00%(objectname)%00%(upstream:track)%00%(upstream:remotename)%00%(upstream:remoteref) refs/heads/main refs/remotes/main [2ms]
[2022-06-19T21:18:37.179Z] > git for-each-ref --sort -committerdate --format %(refname) %(objectname) %(*objectname) [13ms]
[2022-06-19T21:18:37.180Z] > git remote --verbose [2ms]
[2022-06-19T21:18:37.190Z] > git config --get commit.template [1ms]
[2022-06-19T21:18:42.376Z] > git status -z -uall [2ms]
[2022-06-19T21:18:42.387Z] > git symbolic-ref --short HEAD [1ms]
[2022-06-19T21:18:42.397Z] > git for-each-ref --format=%(refname)%00%(upstream:short)%00%(objectname)%00%(upstream:track)%00%(upstream:remotename)%00%(upstream:remoteref) refs/heads/main refs/remotes/main [1ms]
[2022-06-19T21:18:42.417Z] > git for-each-ref --sort -committerdate --format %(refname) %(objectname) %(*objectname) [10ms]
[2022-06-19T21:18:42.418Z] > git remote --verbose [2ms]
[2022-06-19T21:18:42.429Z] > git config --get commit.template [1ms]
[2022-06-19T21:19:17.461Z] > git status -z -uall [2ms]
[2022-06-19T21:19:17.472Z] > git symbolic-ref --short HEAD [2ms]
[2022-06-19T21:19:17.480Z] > git for-each-ref --format=%(refname)%00%(upstream:short)%00%(objectname)%00%(upstream:track)%00%(upstream:remotename)%00%(upstream:remoteref) refs/heads/main refs/remotes/main [1ms]
[2022-06-19T21:19:17.497Z] > git for-each-ref --sort -committerdate --format %(refname) %(objectname) %(*objectname) [10ms]
[2022-06-19T21:19:17.497Z] > git remote --verbose [2ms]
[2022-06-19T21:19:17.507Z] > git config --get commit.template [1ms]
[2022-06-19T21:19:34.295Z] > git status -z -uall [2ms]
[2022-06-19T21:19:34.307Z] > git symbolic-ref --short HEAD [2ms]
[2022-06-19T21:19:34.319Z] > git for-each-ref --format=%(refname)%00%(upstream:short)%00%(objectname)%00%(upstream:track)%00%(upstream:remotename)%00%(upstream:remoteref) refs/heads/main refs/remotes/main [2ms]
[2022-06-19T21:19:34.342Z] > git remote --verbose [2ms]
[2022-06-19T21:19:34.342Z] > git for-each-ref --sort -committerdate --format %(refname) %(objectname) %(*objectname) [13ms]
[2022-06-19T21:19:34.356Z] > git config --get commit.template [1ms]
[2022-06-19T21:19:35.627Z] > git ls-files --stage -- /home/albys/Homework-Sistemi-Operativi-2/homework2/utilities.h [1ms]
[2022-06-19T21:19:35.636Z] > git show --textconv :homework2/utilities.h [22ms]
[2022-06-19T21:19:35.637Z] > git cat-file -s 65f99a33cc91ce54eaefa0b82f8909b6475d20cc [2ms]
[2022-06-19T21:19:39.372Z] > git status -z -uall [3ms]
[2022-06-19T21:19:39.384Z] > git symbolic-ref --short HEAD [2ms]
[2022-06-19T21:19:39.394Z] > git for-each-ref --format=%(refname)%00%(upstream:short)%00%(objectname)%00%(upstream:track)%00%(upstream:remotename)%00%(upstream:remoteref) refs/heads/main refs/remotes/main [2ms]
[2022-06-19T21:19:39.412Z] > git for-each-ref --sort -committerdate --format %(refname) %(objectname) %(*objectname) [9ms]
[2022-06-19T21:19:39.412Z] > git remote --verbose [1ms]
[2022-06-19T21:19:39.426Z] > git config --get commit.template [2ms]
[2022-06-19T21:19:42.294Z] > git show --textconv :homework2/server.c [11ms]
[2022-06-19T21:19:42.296Z] > git ls-files --stage -- /home/albys/Homework-Sistemi-Operativi-2/homework2/server.c [3ms]
[2022-06-19T21:19:42.305Z] > git cat-file -s a097c5653e6f9676d5cbd897fc4f92aaed21b11b [1ms]
[2022-06-19T21:19:57.441Z] > git show --textconv :homework2/utilities.h [8ms]
[2022-06-19T21:19:57.442Z] > git ls-files --stage -- /home/albys/Homework-Sistemi-Operativi-2/homework2/utilities.h [1ms]
[2022-06-19T21:19:57.470Z] > git cat-file -s 65f99a33cc91ce54eaefa0b82f8909b6475d20cc [2ms]
[2022-06-19T21:19:58.868Z] > git show --textconv :homework2/server.c [12ms]
[2022-06-19T21:19:58.870Z] > git ls-files --stage -- /home/albys/Homework-Sistemi-Operativi-2/homework2/server.c [4ms]
[2022-06-19T21:19:58.879Z] > git cat-file -s a097c5653e6f9676d5cbd897fc4f92aaed21b11b [1ms]
[2022-06-19T21:22:22.428Z] > git status -z -uall [3ms]
[2022-06-19T21:22:22.443Z] > git symbolic-ref --short HEAD [3ms]
[2022-06-19T21:22:22.457Z] > git for-each-ref --format=%(refname)%00%(upstream:short)%00%(objectname)%00%(upstream:track)%00%(upstream:remotename)%00%(upstream:remoteref) refs/heads/main refs/remotes/main [4ms]
[2022-06-19T21:22:22.480Z] > git for-each-ref --sort -committerdate --format %(refname) %(objectname) %(*objectname) [12ms]
[2022-06-19T21:22:22.481Z] > git remote --verbose [3ms]
[2022-06-19T21:22:22.494Z] > git config --get commit.template [2ms]
[2022-06-19T21:22:44.461Z] > git show --textconv :homework2/log [12ms]
[2022-06-19T21:22:44.462Z] > git ls-files --stage -- /home/albys/Homework-Sistemi-Operativi-2/homework2/log [2ms]
[2022-06-19T21:22:44.472Z] > git cat-file -s b1216a3639f0c55694a6f9f01cf844426d0b4f9c [2ms]
[2022-06-19T21:23:14.237Z] > git status -z -uall [3ms]
[2022-06-19T21:23:14.248Z] > git symbolic-ref --short HEAD [1ms]
[2022-06-19T21:23:14.260Z] > git for-each-ref --format=%(refname)%00%(upstream:short)%00%(objectname)%00%(upstream:track)%00%(upstream:remotename)%00%(upstream:remoteref) refs/heads/main refs/remotes/main [2ms]
[2022-06-19T21:23:14.281Z] > git remote --verbose [2ms]
[2022-06-19T21:23:14.281Z] > git for-each-ref --sort -committerdate --format %(refname) %(objectname) %(*objectname) [11ms]
[2022-06-19T21:23:14.294Z] > git config --get commit.template [1ms]
[2022-06-19T21:23:34.812Z] > git show --textconv :homework2/server.c [11ms]
[2022-06-19T21:23:34.814Z] > git ls-files --stage -- /home/albys/Homework-Sistemi-Operativi-2/homework2/server.c [4ms]
[2022-06-19T21:23:34.825Z] > git cat-file -s a097c5653e6f9676d5cbd897fc4f92aaed21b11b [2ms]
[2022-06-19T21:23:36.519Z] > git show --textconv :homework2/client.c [11ms]
[2022-06-19T21:23:36.520Z] > git ls-files --stage -- /home/albys/Homework-Sistemi-Operativi-2/homework2/client.c [4ms]
[2022-06-19T21:23:36.531Z] > git cat-file -s 022d7e81eb74d8340b9043599fac5f0219bce054 [2ms]
