[2022-06-19 23:07:53.093] [exthost] [info] Extension host with pid 669 started
[2022-06-19 23:07:53.093] [exthost] [info] Skipping acquiring lock for /home/albys/.config/Code/User/workspaceStorage/07790ddddeaca8f496346f45d1574ac1.
[2022-06-19 23:07:53.186] [exthost] [info] ExtensionService#_doActivateExtension vscode.microsoft-authentication, startup: false, activationEvent: 'onAuthenticationRequest:microsoft'
[2022-06-19 23:07:53.208] [exthost] [info] ExtensionService#_doActivateExtension vscode.debug-auto-launch, startup: true, activationEvent: '*'
[2022-06-19 23:07:53.210] [exthost] [info] ExtensionService#_doActivateExtension vscode.git-base, startup: true, activationEvent: '*', root cause: vscode.git
[2022-06-19 23:07:53.213] [exthost] [info] ExtensionService#_doActivateExtension vscode.ipynb, startup: true, activationEvent: '*'
[2022-06-19 23:07:53.283] [exthost] [info] ExtensionService#_doActivateExtension vscode.git, startup: true, activationEvent: '*'
[2022-06-19 23:07:53.325] [exthost] [info] ExtensionService#_doActivateExtension vscode.github, startup: true, activationEvent: '*'
[2022-06-19 23:07:53.384] [exthost] [info] ExtensionService#_doActivateExtension ms-vscode.makefile-tools, startup: true, activationEvent: 'workspaceContains:**/makefile,**/Makefile,**/GNUmakefile'
[2022-06-19 23:07:53.535] [exthost] [info] ExtensionService#_doActivateExtension vscode.github-authentication, startup: false, activationEvent: 'onAuthenticationRequest:github'
[2022-06-19 23:07:53.590] [exthost] [info] ExtensionService#_doActivateExtension ms-vscode.cpptools, startup: false, activationEvent: 'api', root cause: ms-vscode.makefile-tools
[2022-06-19 23:07:54.075] [exthost] [info] Eager extensions activated
[2022-06-19 23:07:54.105] [exthost] [info] ExtensionService#_doActivateExtension vscode.emmet, startup: false, activationEvent: 'onStartupFinished'
[2022-06-19 23:07:54.113] [exthost] [info] ExtensionService#_doActivateExtension vscode.merge-conflict, startup: false, activationEvent: 'onStartupFinished'
[2022-06-19 23:08:05.157] [exthost] [info] ExtensionService#_doActivateExtension cschlosser.doxdocgen, startup: false, activationEvent: 'onLanguage:c'
[2022-06-19 23:16:56.710] [exthost] [info] ExtensionService#_doActivateExtension vscode.configuration-editing, startup: false, activationEvent: 'onLanguage:jsonc'
[2022-06-19 23:16:56.715] [exthost] [info] ExtensionService#_doActivateExtension vscode.json-language-features, startup: false, activationEvent: 'onLanguage:jsonc'
[2022-06-19 23:16:56.750] [exthost] [info] ExtensionService#_doActivateExtension vscode.typescript-language-features, startup: false, activationEvent: 'onLanguage:jsonc'
[2022-06-19 23:23:12.399] [exthost] [info] ExtensionService#_doActivateExtension vscode.css-language-features, startup: false, activationEvent: 'onLanguage:css'
[2022-06-19 23:23:41.689] [exthost] [info] Extension host terminating: renderer closed the socket
[2022-06-19 23:23:41.724] [exthost] [info] Extension host with pid 669 exiting with code 0
